<?xml version="1.0" encoding="UTF-8"?>
<!-- Generated by org.testng.reporters.JUnitXMLReporter -->
<testsuite ignored="1" hostname="user-PC" failures="0" tests="2" name="Default test" time="17.857" errors="0" timestamp="2021-03-12T10:32:48 IST">
  <testcase classname="ESS_TestCases.leaveRequest" name="view_request" time="5.449"/>
  <testcase classname="ESS_TestCases.leaveRequest" name="cancel_leave" time="0.883"/>
  <testcase classname="ESS_TestCases.leaveRequest" name="add_request" time="0.0">
    <ignored/>
  </testcase> <!-- add_request -->
</testsuite> <!-- Default test -->
