<?xml version="1.0" encoding="UTF-8"?>
<!-- Generated by org.testng.reporters.JUnitXMLReporter -->
<testsuite ignored="2" hostname="user-PC" failures="0" tests="0" time="10.456" errors="0" timestamp="2021-03-10T17:35:51 IST">
  <testcase classname="ESS_TestCases.leaveRequest" name="view_request" time="0.0">
    <ignored/>
  </testcase> <!-- view_request -->
  <testcase classname="ESS_TestCases.leaveRequest" name="add_request" time="0.0">
    <ignored/>
  </testcase> <!-- add_request -->
</testsuite>
