<?xml version="1.0" encoding="UTF-8"?>
<!-- Generated by org.testng.reporters.JUnitXMLReporter -->
<testsuite ignored="4" hostname="user-PC" failures="0" tests="1" name="Default test" time="12.767" errors="0" timestamp="2021-03-12T12:06:41 IST">
  <testcase classname="ESS_TestCases.leaveRequest" name="advance_search_dates" time="1.311"/>
  <testcase classname="ESS_TestCases.leaveRequest" name="advance_search_leavetype" time="0.0">
    <ignored/>
  </testcase> <!-- advance_search_leavetype -->
  <testcase classname="ESS_TestCases.leaveRequest" name="cancel_leave" time="0.0">
    <ignored/>
  </testcase> <!-- cancel_leave -->
  <testcase classname="ESS_TestCases.leaveRequest" name="view_request" time="0.0">
    <ignored/>
  </testcase> <!-- view_request -->
  <testcase classname="ESS_TestCases.leaveRequest" name="add_request" time="0.0">
    <ignored/>
  </testcase> <!-- add_request -->
</testsuite> <!-- Default test -->
