<?xml version="1.0" encoding="UTF-8"?>
<!-- Generated by org.testng.reporters.JUnitXMLReporter -->
<testsuite ignored="1" hostname="user-PC" failures="0" tests="1" name="Default test" time="15.849" errors="0" timestamp="2021-03-10T16:14:59 IST">
  <testcase classname="ESS_TestCases.leaveRequest" name="view_request" time="3.233"/>
  <testcase classname="ESS_TestCases.leaveRequest" name="add_request" time="0.0">
    <ignored/>
  </testcase> <!-- add_request -->
</testsuite> <!-- Default test -->
