<?xml version="1.0" encoding="UTF-8"?>
<testng-results ignored="2" total="2" passed="0" failed="0" skipped="0">
  <reporter-output>
  </reporter-output>
  <suite started-at="2021-03-10T17:32:19 IST" name="Default suite" finished-at="2021-03-10T17:32:30 IST" duration-ms="10895">
    <groups>
    </groups>
    <test started-at="2021-03-10T17:32:19 IST" name="Default test" finished-at="2021-03-10T17:32:30 IST" duration-ms="10895">
      <class name="ESS_TestCases.leaveRequest">
        <test-method is-config="true" signature="request()[pri:0, instance:ESS_TestCases.leaveRequest@1d082e88]" started-at="2021-03-10T17:32:19 IST" name="request" finished-at="2021-03-10T17:32:30 IST" duration-ms="10886" status="PASS">
          <reporter-output>
          </reporter-output>
        </test-method> <!-- request -->
      </class> <!-- ESS_TestCases.leaveRequest -->
    </test> <!-- Default test -->
  </suite> <!-- Default suite -->
</testng-results>
