<?xml version="1.0" encoding="UTF-8"?>
<testng-results ignored="4" total="5" passed="1" failed="0" skipped="0">
  <reporter-output>
  </reporter-output>
  <suite started-at="2021-03-12T12:06:28 IST" name="Default suite" finished-at="2021-03-12T12:06:41 IST" duration-ms="12767">
    <groups>
    </groups>
    <test started-at="2021-03-12T12:06:28 IST" name="Default test" finished-at="2021-03-12T12:06:41 IST" duration-ms="12767">
      <class name="ESS_TestCases.leaveRequest">
        <test-method is-config="true" signature="request()[pri:0, instance:ESS_TestCases.leaveRequest@43ee72e6]" started-at="2021-03-12T12:06:28 IST" name="request" finished-at="2021-03-12T12:06:40 IST" duration-ms="11426" status="PASS">
          <reporter-output>
          </reporter-output>
        </test-method> <!-- request -->
        <test-method signature="advance_search_dates()[pri:5, instance:ESS_TestCases.leaveRequest@43ee72e6]" started-at="2021-03-12T12:06:40 IST" name="advance_search_dates" finished-at="2021-03-12T12:06:41 IST" duration-ms="1311" status="PASS">
          <reporter-output>
          </reporter-output>
        </test-method> <!-- advance_search_dates -->
      </class> <!-- ESS_TestCases.leaveRequest -->
    </test> <!-- Default test -->
  </suite> <!-- Default suite -->
</testng-results>
