<?xml version="1.0" encoding="UTF-8"?>
<testng-results ignored="1" total="2" passed="1" failed="0" skipped="0">
  <reporter-output>
  </reporter-output>
  <suite started-at="2021-03-10T16:14:43 IST" name="Default suite" finished-at="2021-03-10T16:14:59 IST" duration-ms="15849">
    <groups>
    </groups>
    <test started-at="2021-03-10T16:14:43 IST" name="Default test" finished-at="2021-03-10T16:14:59 IST" duration-ms="15849">
      <class name="ESS_TestCases.leaveRequest">
        <test-method is-config="true" signature="request()[pri:0, instance:ESS_TestCases.leaveRequest@7692d9cc]" started-at="2021-03-10T16:14:43 IST" name="request" finished-at="2021-03-10T16:14:56 IST" duration-ms="12581" status="PASS">
          <reporter-output>
          </reporter-output>
        </test-method> <!-- request -->
        <test-method signature="view_request()[pri:2, instance:ESS_TestCases.leaveRequest@7692d9cc]" started-at="2021-03-10T16:14:56 IST" name="view_request" finished-at="2021-03-10T16:14:59 IST" duration-ms="3233" status="PASS">
          <reporter-output>
          </reporter-output>
        </test-method> <!-- view_request -->
      </class> <!-- ESS_TestCases.leaveRequest -->
    </test> <!-- Default test -->
  </suite> <!-- Default suite -->
</testng-results>
