<?xml version="1.0" encoding="UTF-8"?>
<testng-results ignored="1" total="3" passed="2" failed="0" skipped="0">
  <reporter-output>
  </reporter-output>
  <suite started-at="2021-03-12T10:32:31 IST" name="Default suite" finished-at="2021-03-12T10:32:48 IST" duration-ms="17857">
    <groups>
    </groups>
    <test started-at="2021-03-12T10:32:31 IST" name="Default test" finished-at="2021-03-12T10:32:48 IST" duration-ms="17857">
      <class name="ESS_TestCases.leaveRequest">
        <test-method is-config="true" signature="request()[pri:0, instance:ESS_TestCases.leaveRequest@75f32542]" started-at="2021-03-12T10:32:31 IST" name="request" finished-at="2021-03-12T10:32:42 IST" duration-ms="11488" status="PASS">
          <reporter-output>
          </reporter-output>
        </test-method> <!-- request -->
        <test-method signature="view_request()[pri:2, instance:ESS_TestCases.leaveRequest@75f32542]" started-at="2021-03-12T10:32:42 IST" name="view_request" finished-at="2021-03-12T10:32:48 IST" duration-ms="5449" status="PASS">
          <reporter-output>
          </reporter-output>
        </test-method> <!-- view_request -->
        <test-method signature="cancel_leave()[pri:3, instance:ESS_TestCases.leaveRequest@75f32542]" started-at="2021-03-12T10:32:48 IST" name="cancel_leave" finished-at="2021-03-12T10:32:48 IST" duration-ms="883" status="PASS">
          <reporter-output>
          </reporter-output>
        </test-method> <!-- cancel_leave -->
      </class> <!-- ESS_TestCases.leaveRequest -->
    </test> <!-- Default test -->
  </suite> <!-- Default suite -->
</testng-results>
